<?xml version="1.0" encoding="UTF-8"?>
<robot generator="Robot 3.2.2 (Python 3.8.0 on win32)" generated="20230602 21:14:22.750" rpa="false">
<suite id="s1" name="RobotTest PA2" source="C:\ToolsQA\RobotTest_PA2">
<suite id="s1-s1" name="TestSuite" source="C:\ToolsQA\RobotTest_PA2\TestSuite">
<suite id="s1-s1-s1" name="Test1" source="C:\ToolsQA\RobotTest_PA2\TestSuite\Test1.robot">
<test id="s1-s1-s1-t1" name="BookingAutoService82">
<kw name="Open Browser" library="SeleniumLibrary">
<doc>Opens a new browser instance to the optional ``url``.</doc>
<arguments>
<arg>http://127.0.0.1:8000/login</arg>
<arg>chrome</arg>
</arguments>
<msg timestamp="20230602 21:14:23.594" level="INFO">Opening browser 'chrome' to base url 'http://127.0.0.1:8000/login'.</msg>
<status status="PASS" starttime="20230602 21:14:23.592" endtime="20230602 21:14:28.875"></status>
</kw>
<kw name="Set Selenium Implicit Wait" library="SeleniumLibrary">
<doc>Sets the implicit wait value used by Selenium.</doc>
<arguments>
<arg>5</arg>
</arguments>
<status status="PASS" starttime="20230602 21:14:28.878" endtime="20230602 21:14:28.891"></status>
</kw>
<kw name="Sleep" library="BuiltIn">
<doc>Pauses the test executed for the given time.</doc>
<arguments>
<arg>10</arg>
</arguments>
<msg timestamp="20230602 21:14:38.896" level="INFO">Slept 10 seconds</msg>
<status status="PASS" starttime="20230602 21:14:28.892" endtime="20230602 21:14:38.898"></status>
</kw>
<kw name="Input Text" library="SeleniumLibrary">
<doc>Types the given ``text`` into the text field identified by ``locator``.</doc>
<arguments>
<arg>email</arg>
<arg>sarah@gmail.com</arg>
</arguments>
<msg timestamp="20230602 21:14:38.901" level="INFO">Typing text 'sarah@gmail.com' into text field 'email'.</msg>
<status status="PASS" starttime="20230602 21:14:38.900" endtime="20230602 21:14:39.219"></status>
</kw>
<kw name="Input Password" library="SeleniumLibrary">
<doc>Types the given password into the text field identified by ``locator``.</doc>
<arguments>
<arg>password</arg>
<arg>meSARAH</arg>
</arguments>
<msg timestamp="20230602 21:14:39.222" level="INFO">Typing password into text field 'password'.</msg>
<msg timestamp="20230602 21:14:39.319" level="INFO">Temporally setting log level to: NONE</msg>
<msg timestamp="20230602 21:14:39.465" level="INFO">Log level changed from NONE to INFO.</msg>
<status status="PASS" starttime="20230602 21:14:39.221" endtime="20230602 21:14:39.467"></status>
</kw>
<kw name="Sleep" library="BuiltIn">
<doc>Pauses the test executed for the given time.</doc>
<arguments>
<arg>2</arg>
</arguments>
<msg timestamp="20230602 21:14:41.475" level="INFO">Slept 2 seconds</msg>
<status status="PASS" starttime="20230602 21:14:39.472" endtime="20230602 21:14:41.476"></status>
</kw>
<kw name="Click Element" library="SeleniumLibrary">
<doc>Click the element identified by ``locator``.</doc>
<arguments>
<arg>xpath=/html/body/div[1]/div[3]/div/div[2]/div[1]/div/form/div/button</arg>
</arguments>
<msg timestamp="20230602 21:14:41.479" level="INFO">Clicking element 'xpath=/html/body/div[1]/div[3]/div/div[2]/div[1]/div/form/div/button'.</msg>
<status status="PASS" starttime="20230602 21:14:41.478" endtime="20230602 21:14:45.669"></status>
</kw>
<kw name="Sleep" library="BuiltIn">
<doc>Pauses the test executed for the given time.</doc>
<arguments>
<arg>10</arg>
</arguments>
<msg timestamp="20230602 21:14:55.685" level="INFO">Slept 10 seconds</msg>
<status status="PASS" starttime="20230602 21:14:45.671" endtime="20230602 21:14:55.687"></status>
</kw>
<kw name="Click Element" library="SeleniumLibrary">
<doc>Click the element identified by ``locator``.</doc>
<arguments>
<arg>xpath=/html/body/div[1]/header/div[2]/div/div/div[2]/div/nav/div/ul/li[7]/a</arg>
</arguments>
<msg timestamp="20230602 21:14:55.691" level="INFO">Clicking element 'xpath=/html/body/div[1]/header/div[2]/div/div/div[2]/div/nav/div/ul/li[7]/a'.</msg>
<status status="PASS" starttime="20230602 21:14:55.688" endtime="20230602 21:14:55.904"></status>
</kw>
<kw name="Click Element" library="SeleniumLibrary">
<doc>Click the element identified by ``locator``.</doc>
<arguments>
<arg>xpath=/html/body/div[1]/header/div[2]/div/div/div[2]/div/nav/div/ul/li[7]/ul/li[2]/a</arg>
</arguments>
<msg timestamp="20230602 21:14:55.908" level="INFO">Clicking element 'xpath=/html/body/div[1]/header/div[2]/div/div/div[2]/div/nav/div/ul/li[7]/ul/li[2]/a'.</msg>
<status status="PASS" starttime="20230602 21:14:55.906" endtime="20230602 21:15:00.743"></status>
</kw>
<kw name="Input Text" library="SeleniumLibrary">
<doc>Types the given ``text`` into the text field identified by ``locator``.</doc>
<arguments>
<arg>xpath=//*[@id="ltn__form_tab_1_1"]/div/form/div[1]/div/input</arg>
<arg>Yohana Tambunan</arg>
</arguments>
<msg timestamp="20230602 21:15:00.753" level="INFO">Typing text 'Yohana Tambunan' into text field 'xpath=//*[@id="ltn__form_tab_1_1"]/div/form/div[1]/div/input'.</msg>
<status status="PASS" starttime="20230602 21:15:00.749" endtime="20230602 21:15:00.979"></status>
</kw>
<kw name="Input Text" library="SeleniumLibrary">
<doc>Types the given ``text`` into the text field identified by ``locator``.</doc>
<arguments>
<arg>xpath=//*[@id="ltn__form_tab_1_1"]/div/form/div[3]/div/input</arg>
<arg>081323236767</arg>
</arguments>
<msg timestamp="20230602 21:15:00.982" level="INFO">Typing text '081323236767' into text field 'xpath=//*[@id="ltn__form_tab_1_1"]/div/form/div[3]/div/input'.</msg>
<status status="PASS" starttime="20230602 21:15:00.980" endtime="20230602 21:15:01.505"></status>
</kw>
<kw name="Input Text" library="SeleniumLibrary">
<doc>Types the given ``text`` into the text field identified by ``locator``.</doc>
<arguments>
<arg>xpath=//*[@id="ltn__form_tab_1_1"]/div/form/div[4]/div/input</arg>
<arg>Rush</arg>
</arguments>
<msg timestamp="20230602 21:15:01.509" level="INFO">Typing text 'Rush' into text field 'xpath=//*[@id="ltn__form_tab_1_1"]/div/form/div[4]/div/input'.</msg>
<status status="PASS" starttime="20230602 21:15:01.507" endtime="20230602 21:15:01.899"></status>
</kw>
<kw name="Sleep" library="BuiltIn">
<doc>Pauses the test executed for the given time.</doc>
<arguments>
<arg>10</arg>
</arguments>
<msg timestamp="20230602 21:15:11.916" level="INFO">Slept 10 seconds</msg>
<status status="PASS" starttime="20230602 21:15:01.907" endtime="20230602 21:15:11.917"></status>
</kw>
<kw name="Click Element" library="SeleniumLibrary">
<doc>Click the element identified by ``locator``.</doc>
<arguments>
<arg>xpath=//*[@id="ltn__form_tab_1_1"]/div/form/div[6]/select</arg>
</arguments>
<msg timestamp="20230602 21:15:11.921" level="INFO">Clicking element 'xpath=//*[@id="ltn__form_tab_1_1"]/div/form/div[6]/select'.</msg>
<status status="PASS" starttime="20230602 21:15:11.920" endtime="20230602 21:15:12.110"></status>
</kw>
<kw name="Click Element" library="SeleniumLibrary">
<doc>Click the element identified by ``locator``.</doc>
<arguments>
<arg>xpath=//*[@id="ltn__form_tab_1_1"]/div/form/div[6]/select/option[4]</arg>
</arguments>
<msg timestamp="20230602 21:15:12.113" level="INFO">Clicking element 'xpath=//*[@id="ltn__form_tab_1_1"]/div/form/div[6]/select/option[4]'.</msg>
<status status="PASS" starttime="20230602 21:15:12.111" endtime="20230602 21:15:12.213"></status>
</kw>
<kw name="Sleep" library="BuiltIn">
<doc>Pauses the test executed for the given time.</doc>
<arguments>
<arg>2</arg>
</arguments>
<msg timestamp="20230602 21:15:14.220" level="INFO">Slept 2 seconds</msg>
<status status="PASS" starttime="20230602 21:15:12.214" endtime="20230602 21:15:14.221"></status>
</kw>
<kw name="Click Button" library="SeleniumLibrary">
<doc>Clicks the button identified by ``locator``.</doc>
<arguments>
<arg>xpath=//*[@id="ltn__form_tab_1_1"]/div/form/div[7]/div/button</arg>
</arguments>
<msg timestamp="20230602 21:15:14.223" level="INFO">Clicking button 'xpath=//*[@id="ltn__form_tab_1_1"]/div/form/div[7]/div/button'.</msg>
<status status="PASS" starttime="20230602 21:15:14.222" endtime="20230602 21:15:17.693"></status>
</kw>
<kw name="Sleep" library="BuiltIn">
<doc>Pauses the test executed for the given time.</doc>
<arguments>
<arg>100</arg>
</arguments>
<msg timestamp="20230602 21:16:57.712" level="INFO">Slept 1 minute 40 seconds</msg>
<status status="PASS" starttime="20230602 21:15:17.696" endtime="20230602 21:16:57.714"></status>
</kw>
<kw name="Log" library="BuiltIn">
<doc>Logs the given message with the given level.</doc>
<arguments>
<arg>Test Complete</arg>
</arguments>
<msg timestamp="20230602 21:16:57.718" level="INFO">Test Complete</msg>
<status status="PASS" starttime="20230602 21:16:57.715" endtime="20230602 21:16:57.719"></status>
</kw>
<status status="PASS" starttime="20230602 21:14:23.588" endtime="20230602 21:16:57.720" critical="yes"></status>
</test>
<status status="PASS" starttime="20230602 21:14:22.929" endtime="20230602 21:16:57.724"></status>
</suite>
<status status="PASS" starttime="20230602 21:14:22.917" endtime="20230602 21:16:57.734"></status>
</suite>
<status status="PASS" starttime="20230602 21:14:22.842" endtime="20230602 21:16:57.745"></status>
</suite>
<statistics>
<total>
<stat pass="1" fail="0">Critical Tests</stat>
<stat pass="1" fail="0">All Tests</stat>
</total>
<tag>
</tag>
<suite>
<stat pass="1" fail="0" id="s1" name="RobotTest PA2">RobotTest PA2</stat>
<stat pass="1" fail="0" id="s1-s1" name="TestSuite">RobotTest PA2.TestSuite</stat>
<stat pass="1" fail="0" id="s1-s1-s1" name="Test1">RobotTest PA2.TestSuite.Test1</stat>
</suite>
</statistics>
<errors>
</errors>
</robot>
